Crashlog created at 2013-04-12 16:18:21 -0700

===== MESSAGE:

SyntaxError: item /comics/ (rep default):13: syntax error, unexpected ']'
...oncat(( create_icon_link[post:] ).to_s); _erbout.concat "\" ...
...                               ^

===== COMPILATION STACK:

  - [item]   /comics/ (rep default)

===== STACK TRACE:

  0. C:/RailsInstaller/Ruby1.9.3/lib/ruby/1.9.1/erb.rb:838:in `eval'
  1. C:/RailsInstaller/Ruby1.9.3/lib/ruby/1.9.1/erb.rb:838:in `result'
  2. C:/RailsInstaller/Ruby1.9.3/lib/ruby/gems/1.9.1/gems/nanoc-3.6.2/lib/nanoc/filters/erb.rb:34:in `run'
  3. C:/RailsInstaller/Ruby1.9.3/lib/ruby/gems/1.9.1/gems/nanoc-3.6.2/lib/nanoc/base/compilation/filter.rb:122:in `setup_and_run'
  4. C:/RailsInstaller/Ruby1.9.3/lib/ruby/gems/1.9.1/gems/nanoc-3.6.2/lib/nanoc/base/result_data/item_rep.rb:344:in `filter'
  5. C:/RailsInstaller/Ruby1.9.3/lib/ruby/gems/1.9.1/gems/nanoc-3.6.2/lib/nanoc/base/compilation/item_rep_proxy.rb:47:in `filter'
  6. C:/RailsInstaller/Ruby1.9.3/lib/ruby/gems/1.9.1/gems/nanoc-3.6.2/lib/nanoc/base/compilation/rule_context.rb:55:in `filter'
  7. ./Rules:38:in `block in load'
  8. C:/RailsInstaller/Ruby1.9.3/lib/ruby/gems/1.9.1/gems/nanoc-3.6.2/lib/nanoc/base/compilation/rule.rb:68:in `instance_eval'
  9. C:/RailsInstaller/Ruby1.9.3/lib/ruby/gems/1.9.1/gems/nanoc-3.6.2/lib/nanoc/base/compilation/rule.rb:68:in `apply_to'
  10. C:/RailsInstaller/Ruby1.9.3/lib/ruby/gems/1.9.1/gems/nanoc-3.6.2/lib/nanoc/base/compilation/compiler.rb:383:in `compile_rep'
  11. C:/RailsInstaller/Ruby1.9.3/lib/ruby/gems/1.9.1/gems/nanoc-3.6.2/lib/nanoc/base/compilation/compiler.rb:339:in `block in compile_reps'
  12. C:/RailsInstaller/Ruby1.9.3/lib/ruby/gems/1.9.1/gems/nanoc-3.6.2/lib/nanoc/base/compilation/compiler.rb:332:in `loop'
  13. C:/RailsInstaller/Ruby1.9.3/lib/ruby/gems/1.9.1/gems/nanoc-3.6.2/lib/nanoc/base/compilation/compiler.rb:332:in `compile_reps'
  14. C:/RailsInstaller/Ruby1.9.3/lib/ruby/gems/1.9.1/gems/nanoc-3.6.2/lib/nanoc/base/compilation/compiler.rb:89:in `run'
  15. C:/RailsInstaller/Ruby1.9.3/lib/ruby/gems/1.9.1/gems/nanoc-3.6.2/lib/nanoc/base/source_data/site.rb:58:in `compile'
  16. C:/RailsInstaller/Ruby1.9.3/lib/ruby/gems/1.9.1/gems/nanoc-3.6.2/lib/nanoc/cli/commands/compile.rb:325:in `run'
  17. C:/RailsInstaller/Ruby1.9.3/lib/ruby/gems/1.9.1/gems/nanoc-3.6.2/lib/nanoc/cli/command_runner.rb:14:in `block in call'
  18. C:/RailsInstaller/Ruby1.9.3/lib/ruby/gems/1.9.1/gems/nanoc-3.6.2/lib/nanoc/cli/error_handler.rb:70:in `handle_while'
  19. C:/RailsInstaller/Ruby1.9.3/lib/ruby/gems/1.9.1/gems/nanoc-3.6.2/lib/nanoc/cli/error_handler.rb:26:in `handle_while'
  20. C:/RailsInstaller/Ruby1.9.3/lib/ruby/gems/1.9.1/gems/nanoc-3.6.2/lib/nanoc/cli/command_runner.rb:13:in `call'
  21. C:/RailsInstaller/Ruby1.9.3/lib/ruby/gems/1.9.1/gems/cri-2.3.0/lib/cri/command_dsl.rb:185:in `block in runner'
  22. C:/RailsInstaller/Ruby1.9.3/lib/ruby/gems/1.9.1/gems/cri-2.3.0/lib/cri/command.rb:296:in `call'
  23. C:/RailsInstaller/Ruby1.9.3/lib/ruby/gems/1.9.1/gems/cri-2.3.0/lib/cri/command.rb:296:in `run_this'
  24. C:/RailsInstaller/Ruby1.9.3/lib/ruby/gems/1.9.1/gems/cri-2.3.0/lib/cri/command.rb:249:in `run'
  25. C:/RailsInstaller/Ruby1.9.3/lib/ruby/gems/1.9.1/gems/cri-2.3.0/lib/cri/command.rb:262:in `run'
  26. C:/RailsInstaller/Ruby1.9.3/lib/ruby/gems/1.9.1/gems/nanoc-3.6.2/lib/nanoc/cli.rb:52:in `block in run'
  27. C:/RailsInstaller/Ruby1.9.3/lib/ruby/gems/1.9.1/gems/nanoc-3.6.2/lib/nanoc/cli/error_handler.rb:70:in `handle_while'
  28. C:/RailsInstaller/Ruby1.9.3/lib/ruby/gems/1.9.1/gems/nanoc-3.6.2/lib/nanoc/cli/error_handler.rb:26:in `handle_while'
  29. C:/RailsInstaller/Ruby1.9.3/lib/ruby/gems/1.9.1/gems/nanoc-3.6.2/lib/nanoc/cli.rb:50:in `run'
  30. C:/RailsInstaller/Ruby1.9.3/lib/ruby/gems/1.9.1/gems/nanoc-3.6.2/bin/nanoc:19:in `<top (required)>'
  31. C:/RailsInstaller/Ruby1.9.3/bin/nanoc:23:in `load'
  ... 34 more lines omitted. See full crash log for details.

===== VERSION INFORMATION:

nanoc 3.6.2 © 2007-2013 Denis Defreyne.
Running ruby 1.9.3 (2013-02-22) on i386-mingw32 with RubyGems 1.8.24.

===== INSTALLED GEMS:

  actionmailer 3.2.13
  actionpack 3.2.13
  activemodel 3.2.13
  activerecord 3.2.13
  activerecord-sqlserver-adapter 3.2.10
  activeresource 3.2.13
  activesupport 3.2.13
  adsf 1.1.1
  arel 3.0.2
  bigdecimal 1.1.0
  builder 3.0.4
  bundler 1.3.4
  coffee-rails 3.2.2
  coffee-script 2.2.0
  coffee-script-source 1.6.1
  colored 1.2
  cri 2.3.0
  erubis 2.7.0
  execjs 1.4.0
  hike 1.2.1
  i18n 0.6.1
  io-console 0.3
  journey 1.0.4
  jquery-rails 2.2.1
  json 1.5.5
  kramdown 1.0.1
  mail 2.5.3
  mime-types 1.21
  minitest 2.5.1
  multi_json 1.7.1
  nanoc 3.6.2
  pg 0.14.1
  polyglot 0.3.3
  rack 1.4.5
  rack-cache 1.2
  rack-ssl 1.3.3
  rack-test 0.6.2
  rails 3.2.13
  railties 3.2.13
  rake 0.9.2.2, 10.0.3
  rb-readline 0.4.2
  rdoc 3.9.5
  rubyzip 0.9.9
  sass 3.2.7
  sass-rails 3.2.6
  sprockets 2.2.2
  sqlite3 1.3.7
  sqlite3-ruby 1.3.3
  thor 0.17.0
  tilt 1.3.6
  tiny_tds 0.5.1
  treetop 1.4.12
  tzinfo 0.3.37

===== ENVIRONMENT:

ALLUSERSPROFILE => "C:\\ProgramData"
APPDATA => "C:\\Users\\Perezj\\AppData\\Roaming"
COMPUTERNAME => "NBW7BREPEREZJ"
ComSpec => "C:\\Windows\\system32\\cmd.exe"
CommonProgramFiles => "C:\\Program Files (x86)\\Common Files"
CommonProgramFiles(x86) => "C:\\Program Files (x86)\\Common Files"
CommonProgramW6432 => "C:\\Program Files\\Common Files"
FP_NO_HOST_CHECK => "NO"
HOME => "C:/Users/Perezj"
HOMEDRIVE => "C:"
HOMEPATH => "\\Users\\Perezj"
LOCALAPPDATA => "C:\\Users\\Perezj\\AppData\\Local"
LOGONSERVER => "\\\\DCPDBRE02"
MpConfig_ProductAppDataPath => "C:\\ProgramData\\Microsoft\\Windows Defender"
MpConfig_ProductCodeName => "AntiSpyware"
MpConfig_ProductPath => "C:\\Program Files\\Windows Defender"
MpConfig_ProductUserAppDataPath => "C:\\Users\\Perezj\\AppData\\Local\\Microsoft\\Windows Defender"
MpConfig_ReportingGUID => "000B8336-FB95-477B-9DDC-62972CA53418"
NUMBER_OF_PROCESSORS => "2"
OS => "Windows_NT"
PATHEXT => ".COM;.EXE;.BAT;.CMD;.VBS;.VBE;.JS;.JSE;.WSF;.WSH;.MSC"
PROCESSOR_ARCHITECTURE => "x86"
PROCESSOR_ARCHITEW6432 => "AMD64"
PROCESSOR_IDENTIFIER => "Intel64 Family 6 Model 15 Stepping 13, GenuineIntel"
PROCESSOR_LEVEL => "6"
PROCESSOR_REVISION => "0f0d"
PROMPT => "$P$G"
PSModulePath => "C:\\Windows\\system32\\WindowsPowerShell\\v1.0\\Modules\\"
PUBLIC => "C:\\Users\\Public"
Path => "C:\\RailsInstaller\\Git\\cmd;C:\\RailsInstaller\\Ruby1.9.3\\bin;C:\\Windows\\system32;C:\\Windows;C:\\Windows\\System32\\Wbem;C:\\Windows\\System32\\WindowsPowerShell\\v1.0\\;C:\\PROGRA~2\\IBM\\CLIENT~1;C:\\PROGRA~2\\IBM\\CLIENT~1\\Shared;C:\\PROGRA~2\\IBM\\CLIENT~1\\Emulator"
ProgramData => "C:\\ProgramData"
ProgramFiles => "C:\\Program Files (x86)"
ProgramFiles(x86) => "C:\\Program Files (x86)"
ProgramW6432 => "C:\\Program Files"
SESSIONNAME => "Console"
SystemDrive => "C:"
SystemRoot => "C:\\Windows"
TEMP => "C:\\Users\\Perezj\\AppData\\Local\\Temp"
TMP => "C:\\Users\\Perezj\\AppData\\Local\\Temp"
USER => "Perezj"
USERDNSDOMAIN => "OP.NA.AVERYDENNISON.NET"
USERDOMAIN => "OP"
USERNAME => "Perezj"
USERPROFILE => "C:\\Users\\Perezj"
asl.log => "Destination=file"
windir => "C:\\Windows"

===== LOAD PATHS:

  0. C:/RailsInstaller/Ruby1.9.3/lib/ruby/gems/1.9.1/gems/nanoc-3.6.2/lib
  1. C:/RailsInstaller/Ruby1.9.3/lib/ruby/gems/1.9.1/gems/colored-1.2/lib
  2. C:/RailsInstaller/Ruby1.9.3/lib/ruby/gems/1.9.1/gems/cri-2.3.0/lib
  3. C:/RailsInstaller/Ruby1.9.3/lib/ruby/gems/1.9.1/gems/nanoc-3.6.2/lib
  4. C:/RailsInstaller/Ruby1.9.3/lib/ruby/gems/1.9.1/gems/bundler-1.3.4/lib
  5. C:/RailsInstaller/Ruby1.9.3/lib/ruby/site_ruby/1.9.1
  6. C:/RailsInstaller/Ruby1.9.3/lib/ruby/site_ruby/1.9.1/i386-msvcrt
  7. C:/RailsInstaller/Ruby1.9.3/lib/ruby/site_ruby
  8. C:/RailsInstaller/Ruby1.9.3/lib/ruby/vendor_ruby/1.9.1
  9. C:/RailsInstaller/Ruby1.9.3/lib/ruby/vendor_ruby/1.9.1/i386-msvcrt
  10. C:/RailsInstaller/Ruby1.9.3/lib/ruby/vendor_ruby
  11. C:/RailsInstaller/Ruby1.9.3/lib/ruby/1.9.1
  12. C:/RailsInstaller/Ruby1.9.3/lib/ruby/1.9.1/i386-mingw32
